This is pdfTeX, Version 3.141592653-2.6-1.40.22 (TeX Live 2022/dev/Debian) (preloaded format=pdflatex 2026.1.31)  3 MAR 2026 08:51
entering extended mode
 restricted \write18 enabled.
 file:line:error style messages enabled.
 %&-line parsing enabled.
**d919463b-fe47-4c21-8d15-a34b08f11db2.tex
(./d919463b-fe47-4c21-8d15-a34b08f11db2.tex
LaTeX2e <2021-11-15> patch level 1
L3 programming layer <2022-01-21> (/usr/share/texlive/texmf-dist/tex/latex/base/article.cls
Document Class: article 2021/10/04 v1.4n Standard LaTeX document class
(/usr/share/texlive/texmf-dist/tex/latex/base/size10.clo
File: size10.clo 2021/10/04 v1.4n Standard LaTeX file (size option)
)
\c@part=\count185
\c@section=\count186
\c@subsection=\count187
\c@subsubsection=\count188
\c@paragraph=\count189
\c@subparagraph=\count190
\c@figure=\count191
\c@table=\count192
\abovecaptionskip=\skip47
\belowcaptionskip=\skip48
\bibindent=\dimen138
) (/usr/share/texlive/texmf-dist/tex/latex/base/inputenc.sty
Package: inputenc 2021/02/14 v1.3d Input encoding file
\inpenc@prehook=\toks16
\inpenc@posthook=\toks17
) (/usr/share/texlive/texmf-dist/tex/latex/base/fontenc.sty
Package: fontenc 2021/04/29 v2.0v Standard LaTeX package
) (/usr/share/texlive/texmf-dist/tex/latex/amsmath/amsmath.sty
Package: amsmath 2021/10/15 v2.17l AMS math features
\@mathmargin=\skip49

For additional information on amsmath, use the `?' option.
(/usr/share/texlive/texmf-dist/tex/latex/amsmath/amstext.sty
Package: amstext 2021/08/26 v2.01 AMS text
 (/usr/share/texlive/texmf-dist/tex/latex/amsmath/amsgen.sty
File: amsgen.sty 1999/11/30 v2.0 generic functions
\@emptytoks=\toks18
\ex@=\dimen139
)) (/usr/share/texlive/texmf-dist/tex/latex/amsmath/amsbsy.sty
Package: amsbsy 1999/11/29 v1.2d Bold Symbols
\pmbraise@=\dimen140
) (/usr/share/texlive/texmf-dist/tex/latex/amsmath/amsopn.sty
Package: amsopn 2021/08/26 v2.02 operator names
)
\inf@bad=\count193
LaTeX Info: Redefining \frac on input line 234.
\uproot@=\count194
\leftroot@=\count195
LaTeX Info: Redefining \overline on input line 399.
\classnum@=\count196
\DOTSCASE@=\count197
LaTeX Info: Redefining \ldots on input line 496.
LaTeX Info: Redefining \dots on input line 499.
LaTeX Info: Redefining \cdots on input line 620.
\Mathstrutbox@=\box50
\strutbox@=\box51
\big@size=\dimen141
LaTeX Font Info:    Redeclaring font encoding OML on input line 743.
LaTeX Font Info:    Redeclaring font encoding OMS on input line 744.
\macc@depth=\count198
\c@MaxMatrixCols=\count199
\dotsspace@=\muskip16
\c@parentequation=\count266
\dspbrk@lvl=\count267
\tag@help=\toks19
\row@=\count268
\column@=\count269
\maxfields@=\count270
\andhelp@=\toks20
\eqnshift@=\dimen142
\alignsep@=\dimen143
\tagshift@=\dimen144
\tagwidth@=\dimen145
\totwidth@=\dimen146
\lineht@=\dimen147
\@envbody=\toks21
\multlinegap=\skip50
\multlinetaggap=\skip51
\mathdisplay@stack=\toks22
LaTeX Info: Redefining \[ on input line 2938.
LaTeX Info: Redefining \] on input line 2939.
) (/usr/share/texlive/texmf-dist/tex/latex/amsfonts/amsfonts.sty
Package: amsfonts 2013/01/14 v3.01 Basic AMSFonts support
\symAMSa=\mathgroup4
\symAMSb=\mathgroup5
LaTeX Font Info:    Redeclaring math symbol \hbar on input line 98.
LaTeX Font Info:    Overwriting math alphabet `\mathfrak' in version `bold'
(Font)                  U/euf/m/n --> U/euf/b/n on input line 106.
) (/usr/share/texlive/texmf-dist/tex/latex/amsfonts/amssymb.sty
Package: amssymb 2013/01/14 v3.01 AMS font symbols
) (/usr/share/texlive/texmf-dist/tex/latex/mhchem/mhchem.sty
Package: mhchem 2021/12/31 v4.09 for typesetting chemical formulae
 (/usr/share/texlive/texmf-dist/tex/latex/l3kernel/expl3.sty
Package: expl3 2022-01-21 L3 programming layer (loader) 
 (/usr/share/texlive/texmf-dist/tex/latex/l3backend/l3backend-pdftex.def
File: l3backend-pdftex.def 2022-01-12 L3 backend support: PDF output (pdfTeX)
\l__color_backend_stack_int=\count271
\l__pdf_internal_box=\box52
)) (/usr/share/texlive/texmf-dist/tex/latex/l3packages/l3keys2e/l3keys2e.sty
Package: l3keys2e 2022-01-12 LaTeX2e option processing using LaTeX3 keys
) (/usr/share/texlive/texmf-dist/tex/latex/tools/calc.sty
Package: calc 2017/05/25 v4.3 Infix arithmetic (KKT,FJ)
\calc@Acount=\count272
\calc@Bcount=\count273
\calc@Adimen=\dimen148
\calc@Bdimen=\dimen149
\calc@Askip=\skip52
\calc@Bskip=\skip53
LaTeX Info: Redefining \setlength on input line 80.
LaTeX Info: Redefining \addtolength on input line 81.
\calc@Ccount=\count274
\calc@Cskip=\skip54
) (/usr/share/texlive/texmf-dist/tex/latex/chemgreek/chemgreek.sty (/usr/share/texlive/texmf-dist/tex/latex/l3packages/xparse/xparse.sty
Package: xparse 2022-01-12 L3 Experimental document command parser
)
Package: chemgreek 2020/01/16 v1.1a interface for upright Greek letters for use in chemistry (CN)
\l__chemgreek_tmpa_int=\count275
\g__chemgreek_tmpa_int=\count276
) (/usr/share/texlive/texmf-dist/tex/latex/graphics/graphics.sty
Package: graphics 2021/03/04 v1.4d Standard LaTeX Graphics (DPC,SPQR)
 (/usr/share/texlive/texmf-dist/tex/latex/graphics/trig.sty
Package: trig 2021/08/11 v1.11 sin cos tan (DPC)
) (/usr/share/texlive/texmf-dist/tex/latex/graphics-cfg/graphics.cfg
File: graphics.cfg 2016/06/04 v1.11 sample graphics configuration
)
Package graphics Info: Driver file: pdftex.def on input line 107.
 (/usr/share/texlive/texmf-dist/tex/latex/graphics-def/pdftex.def
File: pdftex.def 2020/10/05 v1.2a Graphics/color driver for pdftex
))
\l__mhchem_ce_distanceFromLastComma_int=\count277
\__mhchem_arrow_extPgfLength_skip=\skip55
\mhchem@minispace@tmp=\skip56
\mhchem@minibackspace@tmp=\skip57
\mhchem@bondwidth=\skip58
\mhchem@bondheight=\skip59
\mhchem@smallbondwidth@tmpA=\skip60
\mhchem@smallbondwidth@tmpB=\skip61
\mhchem@smallbondwidth=\skip62
\mhchem@bondtmp@minussidebearingleft=\skip63
\mhchem@bondtmp@minussidebearingright=\skip64
\l__mhchem_option_version_int=\count278
\mhchem@option@minusmathsidebearingleft=\dimen150
\mhchem@option@minusmathsidebearingright=\dimen151
\mhchem@option@minustextsidebearingleft=\dimen152
\mhchem@option@minustextsidebearingright=\dimen153
) (/usr/share/texlive/texmf-dist/tex/latex/stmaryrd/stmaryrd.sty
Package: stmaryrd 1994/03/03 St Mary's Road symbol package
\symstmry=\mathgroup6
LaTeX Font Info:    Overwriting symbol font `stmry' in version `bold'
(Font)                  U/stmry/m/n --> U/stmry/b/n on input line 89.
) (/usr/share/texlive/texmf-dist/tex/latex/graphics/graphicx.sty
Package: graphicx 2021/09/16 v1.2d Enhanced LaTeX Graphics (DPC,SPQR)
 (/usr/share/texlive/texmf-dist/tex/latex/graphics/keyval.sty
Package: keyval 2014/10/28 v1.15 key=value parser (DPC)
\KV@toks@=\toks23
)
\Gin@req@height=\dimen154
\Gin@req@width=\dimen155
) (/usr/share/texlive/texmf-dist/tex/latex/adjustbox/adjustbox.sty
Package: adjustbox 2020/08/19 v1.3 Adjusting TeX boxes (trim, clip, ...)
 (/usr/share/texlive/texmf-dist/tex/latex/xkeyval/xkeyval.sty
Package: xkeyval 2020/11/20 v2.8 package option processing (HA)
 (/usr/share/texlive/texmf-dist/tex/generic/xkeyval/xkeyval.tex (/usr/share/texlive/texmf-dist/tex/generic/xkeyval/xkvutils.tex
\XKV@toks=\toks24
\XKV@tempa@toks=\toks25
)
\XKV@depth=\count279
File: xkeyval.tex 2014/12/03 v2.7a key=value parser (HA)
)) (/usr/share/texlive/texmf-dist/tex/latex/adjustbox/adjcalc.sty
Package: adjcalc 2012/05/16 v1.1 Provides advanced setlength with multiple back-ends (calc, etex, pgfmath)
) (/usr/share/texlive/texmf-dist/tex/latex/adjustbox/trimclip.sty
Package: trimclip 2020/08/19 v1.2 Trim and clip general TeX material
 (/usr/share/texlive/texmf-dist/tex/latex/collectbox/collectbox.sty
Package: collectbox 2012/05/17 v0.4b Collect macro arguments as boxes
\collectedbox=\box53
)
\tc@llx=\dimen156
\tc@lly=\dimen157
\tc@urx=\dimen158
\tc@ury=\dimen159
Package trimclip Info: Using driver 'tc-pdftex.def'.
 (/usr/share/texlive/texmf-dist/tex/latex/adjustbox/tc-pdftex.def
File: tc-pdftex.def 2019/01/04 v2.2 Clipping driver for pdftex
))
\adjbox@Width=\dimen160
\adjbox@Height=\dimen161
\adjbox@Depth=\dimen162
\adjbox@Totalheight=\dimen163
\adjbox@pwidth=\dimen164
\adjbox@pheight=\dimen165
\adjbox@pdepth=\dimen166
\adjbox@ptotalheight=\dimen167
 (/usr/share/texlive/texmf-dist/tex/latex/ifoddpage/ifoddpage.sty
Package: ifoddpage 2016/04/23 v1.1 Conditionals for odd/even page detection
\c@checkoddpage=\count280
) (/usr/share/texlive/texmf-dist/tex/latex/varwidth/varwidth.sty
Package: varwidth 2009/03/30 ver 0.92;  Variable-width minipages
\@vwid@box=\box54
\sift@deathcycles=\count281
\@vwid@loff=\dimen168
\@vwid@roff=\dimen169
)) (/usr/share/texlive/texmf-dist/tex/latex/caption/caption.sty
Package: caption 2020/10/26 v3.5g Customizing captions (AR)

(/usr/share/texlive/texmf-dist/tex/latex/caption/caption3.sty
Package: caption3 2020/10/21 v2.2e caption3 kernel (AR)
\captionmargin=\dimen170
\captionmargin@=\dimen171
\captionwidth=\dimen172
\caption@tempdima=\dimen173
\caption@indent=\dimen174
\caption@parindent=\dimen175
\caption@hangindent=\dimen176
Package caption Info: Standard document class detected.
)
\c@caption@flags=\count282
\c@continuedfloat=\count283
) (./d919463b-fe47-4c21-8d15-a34b08f11db2.aux)
\openout1 = `d919463b-fe47-4c21-8d15-a34b08f11db2.aux'.

LaTeX Font Info:    Checking defaults for OML/cmm/m/it on input line 14.
LaTeX Font Info:    ... okay on input line 14.
LaTeX Font Info:    Checking defaults for OMS/cmsy/m/n on input line 14.
LaTeX Font Info:    ... okay on input line 14.
LaTeX Font Info:    Checking defaults for OT1/cmr/m/n on input line 14.
LaTeX Font Info:    ... okay on input line 14.
LaTeX Font Info:    Checking defaults for T1/cmr/m/n on input line 14.
LaTeX Font Info:    ... okay on input line 14.
LaTeX Font Info:    Checking defaults for TS1/cmr/m/n on input line 14.
LaTeX Font Info:    ... okay on input line 14.
LaTeX Font Info:    Checking defaults for OMX/cmex/m/n on input line 14.
LaTeX Font Info:    ... okay on input line 14.
LaTeX Font Info:    Checking defaults for U/cmr/m/n on input line 14.
LaTeX Font Info:    ... okay on input line 14.

Package chemgreek Info: Activating mapping `default' on line 14.

 (/usr/share/texlive/texmf-dist/tex/context/base/mkii/supp-pdf.mkii
[Loading MPS to PDF converter (version 2006.09.02).]
\scratchcounter=\count284
\scratchdimen=\dimen177
\scratchbox=\box55
\nofMPsegments=\count285
\nofMParguments=\count286
\everyMPshowfont=\toks26
\MPscratchCnt=\count287
\MPscratchDim=\dimen178
\MPnumerator=\count288
\makeMPintoPDFobject=\count289
\everyMPtoPDFconversion=\toks27
) (/usr/share/texlive/texmf-dist/tex/latex/epstopdf-pkg/epstopdf-base.sty
Package: epstopdf-base 2020-01-24 v2.11 Base part for package epstopdf
Package epstopdf-base Info: Redefining graphics rule for `.eps' on input line 485.
 (/usr/share/texlive/texmf-dist/tex/latex/latexconfig/epstopdf-sys.cfg
File: epstopdf-sys.cfg 2010/07/13 v1.3 Configuration of (r)epstopdf for TeX Live
))
Package caption Info: Begin \AtBeginDocument code.
Package caption Info: End \AtBeginDocument code.
LaTeX Font Info:    Trying to load font information for U+msa on input line 18.
 (/usr/share/texlive/texmf-dist/tex/latex/amsfonts/umsa.fd
File: umsa.fd 2013/01/14 v3.01 AMS symbols A
)
LaTeX Font Info:    Trying to load font information for U+msb on input line 18.
 (/usr/share/texlive/texmf-dist/tex/latex/amsfonts/umsb.fd
File: umsb.fd 2013/01/14 v3.01 AMS symbols B
)
LaTeX Font Info:    Trying to load font information for U+stmry on input line 18.
 (/usr/share/texlive/texmf-dist/tex/latex/stmaryrd/Ustmry.fd)
<./images//d919463b-fe47-4c21-8d15-a34b08f11db2-02_250_357_523_888.jpg, id=1, 358.33875pt x 250.9375pt>
File: ./images//d919463b-fe47-4c21-8d15-a34b08f11db2-02_250_357_523_888.jpg Graphic file (type jpg)
<use ./images//d919463b-fe47-4c21-8d15-a34b08f11db2-02_250_357_523_888.jpg>
Package pdftex.def Info: ./images//d919463b-fe47-4c21-8d15-a34b08f11db2-02_250_357_523_888.jpg  used on input line 98.
(pdftex.def)             Requested size: 358.33788pt x 250.93687pt.
 [1

{/var/lib/texmf/fonts/map/pdftex/updmap/pdftex.map}]
<./images//d919463b-fe47-4c21-8d15-a34b08f11db2-02_314_517_1416_813.jpg, id=14, 518.93875pt x 315.1775pt>
File: ./images//d919463b-fe47-4c21-8d15-a34b08f11db2-02_314_517_1416_813.jpg Graphic file (type jpg)
<use ./images//d919463b-fe47-4c21-8d15-a34b08f11db2-02_314_517_1416_813.jpg>
Package pdftex.def Info: ./images//d919463b-fe47-4c21-8d15-a34b08f11db2-02_314_517_1416_813.jpg  used on input line 108.
(pdftex.def)             Requested size: 518.93748pt x 315.17673pt.
 [2 <./images//d919463b-fe47-4c21-8d15-a34b08f11db2-02_250_357_523_888.jpg>] [3 <./images//d919463b-fe47-4c21-8d15-a34b08f11db2-02_314_517_1416_813.jpg>] [4] [5]
Overfull \hbox (70.23866pt too wide) detected at line 270
[][]
 []


Overfull \hbox (26.08322pt too wide) detected at line 294
[][]
 []

[6]
<./images//d919463b-fe47-4c21-8d15-a34b08f11db2-08_636_415_434_858.jpg, id=33, 416.55624pt x 638.385pt>
File: ./images//d919463b-fe47-4c21-8d15-a34b08f11db2-08_636_415_434_858.jpg Graphic file (type jpg)
<use ./images//d919463b-fe47-4c21-8d15-a34b08f11db2-08_636_415_434_858.jpg>
Package pdftex.def Info: ./images//d919463b-fe47-4c21-8d15-a34b08f11db2-08_636_415_434_858.jpg  used on input line 308.
(pdftex.def)             Requested size: 416.55522pt x 638.38342pt.


LaTeX Warning: Float too large for page by 11.74893pt on input line 312.


LaTeX Warning: `h' float specifier changed to `ht'.

[7] [8]
Overfull \hbox (35.1484pt too wide) detected at line 385
\OMS/cmsy/m/n/10 8\OML/cmm/m/it/10 x\OT1/cmr/m/n/10 ([](\OML/cmm/m/it/10 x\OT1/cmr/m/n/10 ) \OMS/cmsy/m/n/10 ! 9\OML/cmm/m/it/10 y\OT1/cmr/m/n/10 ([](\OML/cmm/m/it/10 x; y\OT1/cmr/m/n/10 ))) \OMS/cmsy/m/n/10 ^ 8\OML/cmm/m/it/10 xyz\OT1/cmr/m/n/10 ([](\OML/cmm/m/it/10 x; y\OT1/cmr/m/n/10 ) \OMS/cmsy/m/n/10 ^ []\OT1/cmr/m/n/10 (\OML/cmm/m/it/10 x; z\OT1/cmr/m/n/10 ) \OMS/cmsy/m/n/10 ! \OML/cmm/m/it/10 y \OT1/cmr/m/n/10 = \OML/cmm/m/it/10 z\OT1/cmr/m/n/10 )
 []


Overfull \hbox (37.56503pt too wide) detected at line 407
\OMS/cmsy/m/n/10 8\OML/cmm/m/it/10 x\OT1/cmr/m/n/10 ([](\OML/cmm/m/it/10 x\OT1/cmr/m/n/10 ) \OMS/cmsy/m/n/10 ! 9\OML/cmm/m/it/10 y\OT1/cmr/m/n/10 ([](\OML/cmm/m/it/10 x; y\OT1/cmr/m/n/10 ))) \OMS/cmsy/m/n/10 ^ 8\OML/cmm/m/it/10 xyz\OT1/cmr/m/n/10 ([](\OML/cmm/m/it/10 x; y\OT1/cmr/m/n/10 ) \OMS/cmsy/m/n/10 ^ []\OT1/cmr/m/n/10 (\OML/cmm/m/it/10 x; z\OT1/cmr/m/n/10 ) \OMS/cmsy/m/n/10 ! \OML/cmm/m/it/10 y \OT1/cmr/m/n/10 = \OML/cmm/m/it/10 z\OT1/cmr/m/n/10 )
 []

[9] [10 <./images//d919463b-fe47-4c21-8d15-a34b08f11db2-08_636_415_434_858.jpg>] (./d919463b-fe47-4c21-8d15-a34b08f11db2.aux) ) 
Here is how much of TeX's memory you used:
 6551 strings out of 480129
 115792 string characters out of 5893409
 416810 words of memory out of 5000000
 24434 multiletter control sequences out of 15000+600000
 475745 words of font info for 45 fonts, out of 8000000 for 9000
 81 hyphenation exceptions out of 8191
 69i,12n,117p,747b,378s stack positions out of 5000i,500n,10000p,200000b,80000s
{/usr/share/texmf/fonts/enc/dvips/cm-super/cm-super-ts1.enc}{/usr/share/texmf/fonts/enc/dvips/cm-super/cm-super-t1.enc} </home/vdhiman/.texlive2021/texmf-var/fonts/pk/ljfour/jknappen/ec/ecbx1440.600pk></usr/share/texlive/texmf-dist/fonts/type1/public/amsfonts/cm/cmex10.pfb></usr/share/texlive/texmf-dist/fonts/type1/public/amsfonts/cm/cmmi10.pfb></usr/share/texlive/texmf-dist/fonts/type1/public/amsfonts/cm/cmmi7.pfb></usr/share/texlive/texmf-dist/fonts/type1/public/amsfonts/cm/cmr10.pfb></usr/share/texlive/texmf-dist/fonts/type1/public/amsfonts/cm/cmr7.pfb></usr/share/texlive/texmf-dist/fonts/type1/public/amsfonts/cm/cmsy10.pfb></usr/share/texlive/texmf-dist/fonts/type1/public/amsfonts/cm/cmsy7.pfb></usr/share/texlive/texmf-dist/fonts/type1/public/amsfonts/symbols/msam10.pfb></usr/share/texmf/fonts/type1/public/cm-super/sfrm1000.pfb>
Output written on d919463b-fe47-4c21-8d15-a34b08f11db2.pdf (10 pages, 211047 bytes).
PDF statistics:
 127 PDF objects out of 1000 (max. 8388607)
 59 compressed objects within 1 object stream
 0 named destinations out of 1000 (max. 500000)
 16 words of extra memory for PDF output out of 10000 (max. 10000000)

